<?xml version="1.0" encoding="UTF-8"?>
<testng-results ignored="0" total="5" passed="5" failed="0" skipped="0">
  <reporter-output>
  </reporter-output>
  <suite started-at="2024-11-22T13:32:45 EST" name="Default suite" finished-at="2024-11-22T13:34:34 EST" duration-ms="109287">
    <groups>
      <group name="cucumber">
        <method signature="AbstractTestNGCucumberTests.runScenario(cucumber.api.testng.PickleEventWrapper,cucumber.api.testng.CucumberFeatureWrapper)[pri:0, instance:stepsDefinition.TestRunner@2e005c4b]" name="runScenario" class="cucumber.api.testng.AbstractTestNGCucumberTests"/>
      </group> <!-- cucumber -->
    </groups>
    <test started-at="2024-11-22T13:32:45 EST" name="Default test" finished-at="2024-11-22T13:34:34 EST" duration-ms="109287">
      <class name="stepsDefinition.TestRunner">
        <test-method is-config="true" signature="setUpClass()[pri:0, instance:stepsDefinition.TestRunner@2e005c4b]" started-at="2024-11-22T13:32:45 EST" name="setUpClass" finished-at="2024-11-22T13:32:45 EST" duration-ms="374" status="PASS">
          <reporter-output>
          </reporter-output>
        </test-method> <!-- setUpClass -->
        <test-method signature="runScenario(cucumber.api.testng.PickleEventWrapper,cucumber.api.testng.CucumberFeatureWrapper)[pri:0, instance:stepsDefinition.TestRunner@2e005c4b]" started-at="2024-11-22T13:32:45 EST" name="runScenario" description="Runs Cucumber Scenarios" data-provider="scenarios" finished-at="2024-11-22T13:33:01 EST" duration-ms="15535" status="PASS">
          <params>
            <param index="0">
              <value>
                <![CDATA["TC001_login and Loout"]]>
              </value>
            </param>
            <param index="1">
              <value>
                <![CDATA["Automate TestLeaf Application"]]>
              </value>
            </param>
          </params>
          <reporter-output>
          </reporter-output>
        </test-method> <!-- runScenario -->
        <test-method signature="runScenario(cucumber.api.testng.PickleEventWrapper,cucumber.api.testng.CucumberFeatureWrapper)[pri:0, instance:stepsDefinition.TestRunner@2e005c4b]" started-at="2024-11-22T13:33:01 EST" name="runScenario" description="Runs Cucumber Scenarios" data-provider="scenarios" finished-at="2024-11-22T13:33:14 EST" duration-ms="13836" status="PASS">
          <params>
            <param index="0">
              <value>
                <![CDATA["TC001_login and Loout"]]>
              </value>
            </param>
            <param index="1">
              <value>
                <![CDATA["Automate TestLeaf Application"]]>
              </value>
            </param>
          </params>
          <reporter-output>
          </reporter-output>
        </test-method> <!-- runScenario -->
        <test-method signature="runScenario(cucumber.api.testng.PickleEventWrapper,cucumber.api.testng.CucumberFeatureWrapper)[pri:0, instance:stepsDefinition.TestRunner@2e005c4b]" started-at="2024-11-22T13:33:14 EST" name="runScenario" description="Runs Cucumber Scenarios" data-provider="scenarios" finished-at="2024-11-22T13:33:41 EST" duration-ms="26658" status="PASS">
          <params>
            <param index="0">
              <value>
                <![CDATA["TC003_verify TestLeaf CreateLead"]]>
              </value>
            </param>
            <param index="1">
              <value>
                <![CDATA["Automate TestLeaf Application"]]>
              </value>
            </param>
          </params>
          <reporter-output>
          </reporter-output>
        </test-method> <!-- runScenario -->
        <test-method signature="runScenario(cucumber.api.testng.PickleEventWrapper,cucumber.api.testng.CucumberFeatureWrapper)[pri:0, instance:stepsDefinition.TestRunner@2e005c4b]" started-at="2024-11-22T13:33:41 EST" name="runScenario" description="Runs Cucumber Scenarios" data-provider="scenarios" finished-at="2024-11-22T13:34:09 EST" duration-ms="27857" status="PASS">
          <params>
            <param index="0">
              <value>
                <![CDATA["TC003_verify TestLeaf CreateLead"]]>
              </value>
            </param>
            <param index="1">
              <value>
                <![CDATA["Automate TestLeaf Application"]]>
              </value>
            </param>
          </params>
          <reporter-output>
          </reporter-output>
        </test-method> <!-- runScenario -->
        <test-method signature="runScenario(cucumber.api.testng.PickleEventWrapper,cucumber.api.testng.CucumberFeatureWrapper)[pri:0, instance:stepsDefinition.TestRunner@2e005c4b]" started-at="2024-11-22T13:34:09 EST" name="runScenario" description="Runs Cucumber Scenarios" data-provider="scenarios" finished-at="2024-11-22T13:34:34 EST" duration-ms="24675" status="PASS">
          <params>
            <param index="0">
              <value>
                <![CDATA["TC003_verify TestLeaf CreateLead"]]>
              </value>
            </param>
            <param index="1">
              <value>
                <![CDATA["Automate TestLeaf Application"]]>
              </value>
            </param>
          </params>
          <reporter-output>
          </reporter-output>
        </test-method> <!-- runScenario -->
        <test-method is-config="true" signature="tearDownClass()[pri:0, instance:stepsDefinition.TestRunner@2e005c4b]" started-at="2024-11-22T13:34:34 EST" name="tearDownClass" finished-at="2024-11-22T13:34:34 EST" duration-ms="101" status="PASS">
          <reporter-output>
          </reporter-output>
        </test-method> <!-- tearDownClass -->
      </class> <!-- stepsDefinition.TestRunner -->
    </test> <!-- Default test -->
  </suite> <!-- Default suite -->
</testng-results>
