<?xml version="1.0" encoding="UTF-8"?>
<!-- Generated by org.testng.reporters.JUnitReportReporter -->
<testsuite hostname="DESKTOP-B6M4AQC" failures="0" tests="1" name="c_20C1_webDriverManagerWithMultiBrowser.webDriverManager" time="3.726" errors="0" timestamp="2024-10-08T19:46:56 EDT" skipped="0">
  <testcase classname="c_20C1_webDriverManagerWithMultiBrowser.webDriverManager" name="test" time="3.726"/>
  <system-out/>
</testsuite> <!-- c_20C1_webDriverManagerWithMultiBrowser.webDriverManager -->
